Build started 10/27/2015 8:19:47 PM.
     1>Project "C:\Users\Nicholas\Documents\GitHub\Data_Structures\DataStructuresProject\DataStructuresProject\DataStructuresProject.vcxproj" on node 2 (Build target(s)).
     1>ClCompile:
         C:\Program Files (x86)\Microsoft Visual Studio 14.0\VC\bin\CL.exe /c /ZI /nologo /W3 /WX- /sdl /Od /Oy- /D WIN32 /D _DEBUG /D _CONSOLE /D _UNICODE /D UNICODE /Gm /EHsc /RTC1 /MDd /GS /fp:precise /Zc:wchar_t /Zc:forScope /Zc:inline /Fo"Debug\\" /Fd"Debug\vc140.pdb" /Gd /TP /analyze- /errorReport:prompt Data.cpp Exosystem.cpp main.cpp
         Data.cpp
     1>c:\users\nicholas\documents\github\data_structures\datastructuresproject\datastructuresproject\array.h(60): error C4430: missing type specifier - int assumed. Note: C++ does not support default-int
         c:\users\nicholas\documents\github\data_structures\datastructuresproject\datastructuresproject\array.h(73): note: see reference to class template instantiation 'Array<dataType>' being compiled
     1>c:\users\nicholas\documents\github\data_structures\datastructuresproject\datastructuresproject\array.h(60): error C2208: 'const int': no members defined using this type
     1>c:\users\nicholas\documents\github\data_structures\datastructuresproject\datastructuresproject\array.h(60): warning C4091: ' ': ignored on left of 'const int' when no variable is declared
         Generating Code...
         Compiling...
         Exosystem.cpp
     1>c:\users\nicholas\documents\github\data_structures\datastructuresproject\datastructuresproject\array.h(60): error C4430: missing type specifier - int assumed. Note: C++ does not support default-int
         c:\users\nicholas\documents\github\data_structures\datastructuresproject\datastructuresproject\array.h(73): note: see reference to class template instantiation 'Array<dataType>' being compiled
     1>c:\users\nicholas\documents\github\data_structures\datastructuresproject\datastructuresproject\array.h(60): error C2208: 'const int': no members defined using this type
     1>c:\users\nicholas\documents\github\data_structures\datastructuresproject\datastructuresproject\array.h(60): warning C4091: ' ': ignored on left of 'const int' when no variable is declared
         Generating Code...
         Compiling...
         main.cpp
     1>c:\users\nicholas\documents\github\data_structures\datastructuresproject\datastructuresproject\array.h(60): error C4430: missing type specifier - int assumed. Note: C++ does not support default-int
         c:\users\nicholas\documents\github\data_structures\datastructuresproject\datastructuresproject\array.h(73): note: see reference to class template instantiation 'Array<dataType>' being compiled
     1>c:\users\nicholas\documents\github\data_structures\datastructuresproject\datastructuresproject\array.h(60): error C2208: 'const int': no members defined using this type
     1>c:\users\nicholas\documents\github\data_structures\datastructuresproject\datastructuresproject\array.h(60): warning C4091: ' ': ignored on left of 'const int' when no variable is declared
         Generating Code...
     1>Done Building Project "C:\Users\Nicholas\Documents\GitHub\Data_Structures\DataStructuresProject\DataStructuresProject\DataStructuresProject.vcxproj" (Build target(s)) -- FAILED.

Build FAILED.

Time Elapsed 00:00:02.44
